	2014-03-02 04:38->not specified : not specified
2014-03-02 04:38->not specified : not specified
2014-03-02 4:39->not specified : not specified
2014-03-02 04:40->not specified : not specified
2014-03-02 04:42->not specified : not specified
2014-03-02 04:44:00->not specified : not specified
2014-03-02 04:44:06->not specified : not specified
2014-03-02 04:45:52  +0000->not specified : not specified
2014-03-02 04+5:49+30:30->not specified : not specified
334->not specified : not specified
336->not specified : not specified
->not specified : not specified
1394822926->not specified : not specified
1393741184->not specified : not specified
1393741211->not specified : not specified
06:23:37->not specified : not specified
Array->not specified : not specified
->not specified : not specified
->not specified : not specified
2->not specified : not specified
2->not specified : not specified
0->not specified : not specified
6->not specified : not specified
12:13->not specified : not specified
2014-03-02 12:14:07->not specified : not specified
2014-03-02 12:15:25->not specified : not specified
2014-03-02 19:07:05->not specified : not specified
2014-03-03 05:32:23->not specified : not specified
2014-03-03 21:02:13->not specified : not specified
2014-03-03 21:02:19->not specified : not specified
2014-03-03 21:02:24->not specified : not specified
2014-03-03 21:47:55->not specified : not specified
2014-03-03 21:48:30->not specified : not specified
2014-03-03 21:49:55->not specified : not specified
2014-03-03 21:50:29->not specified : not specified
2014-03-03 21:51:33->not specified : not specified
2014-03-03 21:51:56->not specified : not specified
2014-03-03 21:52:25->not specified : not specified
2014-03-03 21:53:13->not specified : not specified
2014-03-03 23:10:01->not specified : not specified
2014-03-03 23:30:56->not specified : not specified
2014-03-03 23:34:53->not specified : not specified
2014-03-03 23:35:26->not specified : not specified
2014-03-03 23:35:43->not specified : not specified
2014-03-03 23:36:30->not specified : not specified
2014-03-03 23:37:36->not specified : not specified
2014-03-03 23:39:29->not specified : not specified
2014-03-03 23:40:07->not specified : not specified
2014-03-04 00:06:39->not specified : not specified
2014-03-04 00:07:13->not specified : not specified
2014-03-04 00:07:58->not specified : not specified
2014-03-04 00:11:59->not specified : not specified
2014-03-04 00:13:26->not specified : not specified
2014-03-04 00:14:51->not specified : not specified
2014-03-04 00:16:33->not specified : not specified
2014-03-04 00:16:33->not specified : not specified
2014-03-04 00:16:33->not specified : not specified
2014-03-04 00:16:33->not specified : not specified
2014-03-04 00:16:33->not specified : not specified
2014-03-04 00:16:33->not specified : not specified
2014-03-04 00:16:33->not specified : not specified
2014-03-04 00:16:33->not specified : not specified
2014-03-04 00:16:33->not specified : not specified
2014-03-04 00:16:33->not specified : not specified
2014-03-04 00:16:33->not specified : not specified
2014-03-04 00:16:33->not specified : not specified
2014-03-04 00:16:33->not specified : not specified
2014-03-04 00:16:33->not specified : not specified
2014-03-04 00:16:33->not specified : not specified
2014-03-04 00:16:33->not specified : not specified
2014-03-04 00:16:33->not specified : not specified
2014-03-04 00:16:33->not specified : not specified
2014-03-04 00:16:33->not specified : not specified
2014-03-04 00:16:33->not specified : not specified
2014-03-04 00:16:33->not specified : not specified
2014-03-04 00:17:37->not specified : not specified
2014-03-04 00:18:29->not specified : not specified
2014-03-04 00:21:19->not specified : not specified
2014-03-04 00:21:45->not specified : not specified
2014-03-04 00:23:18->not specified : not specified
2014-03-04 00:23:54->not specified : not specified
2014-03-04 00:24:57->not specified : not specified
2014-03-04 00:25:08->not specified : not specified
2014-03-04 00:26:41->not specified : not specified
2014-03-04 00:28:16->not specified : not specified
2014-03-04 00:30:48->not specified : not specified
2014-03-04 00:31:00->not specified : not specified
2014-03-04 00:41:49->not specified : not specified
2014-03-04 00:44:02->not specified : not specified
2014-03-04 00:47:59->not specified : not specified
2014-03-04 00:48:41->not specified : not specified
2014-03-04 00:49:23->not specified : not specified
2014-03-04 00:49:39->not specified : not specified
2014-03-04 00:55:17->not specified : not specified
2014-03-04 00:56:28->not specified : not specified
2014-03-04 01:03:48->not specified : not specified
2014-03-04 01:04:48->not specified : not specified
2014-03-04 01:04:51->not specified : not specified
2014-03-04 01:05:43->not specified : not specified
2014-03-04 01:05:44->not specified : not specified
2014-03-04 01:05:52->not specified : not specified
2014-03-04 01:05:55->not specified : not specified
2014-03-04 01:05:58->not specified : not specified
2014-03-04 01:06:03->not specified : not specified
2014-08-19 23:52:07->not specified : not specified
2014-08-19 23:53:26->not specified : not specified
2014-08-19 23:54:08->not specified : not specified
2014-08-19 23:55:01->not specified : not specified
2014-08-19 23:57:16->not specified : not specified
2014-08-29 15:36:26->NA : NA
2014-08-29 15:36:37->NA : NA
2014-08-30 00:13:27->NA : NA
2014-08-30 00:13:28->NA : NA
2014-08-30 00:13:34->NA : NA
2014-08-30 00:13:38->NA : NA
2014-08-30 00:13:47->NA : NA
